<?xml version="1.0" encoding="UTF-8"?>
<!-- Generated by org.testng.reporters.JUnitReportReporter -->
<testsuite hostname="DESKTOP-PLUE745" failures="0" tests="1" name="TestPakage.TestActiTimeDropdowns" time="16.724" errors="0" timestamp="2022-06-14T13:01:41 IST" skipped="0">
  <testcase classname="TestPakage.TestActiTimeDropdowns" name="printAllOptionsOfTheDropdown" time="16.724"/>
  <system-out>
    <![CDATA[test has been started
test successfully executed]]>
  </system-out>
</testsuite> <!-- TestPakage.TestActiTimeDropdowns -->
